2020-01-08 05:06:10,286 INFO 63150 [Timer] /Users/Robin/Downloads/01 git/Learning-WebArchitecture/example/nodejs/08/egg/node_modules/_egg-multipart@2.10.1@egg-multipart/app/schedule/clean_tmpdir.js next time will execute after 84229724ms at 2020-01-09 04:30:00.010
2020-01-08 05:06:10,301 INFO 63159 [Job#15784311702726311361642892441] /Users/Robin/Downloads/01 git/Learning-WebArchitecture/example/nodejs/08/egg/node_modules/_egg-multipart@2.10.1@egg-multipart/app/schedule/clean_tmpdir.js executing by app
2020-01-08 05:06:10,341 INFO 63159 [Job#15784311702726311361642892441] /Users/Robin/Downloads/01 git/Learning-WebArchitecture/example/nodejs/08/egg/node_modules/_egg-multipart@2.10.1@egg-multipart/app/schedule/clean_tmpdir.js execute succeed, used 36ms
2020-01-08 09:41:30,062 INFO 51002 [Timer] /Users/Robin/Downloads/01 git/Learning-WebArchitecture/example/nodejs/08/egg/node_modules/_egg-multipart@2.10.1@egg-multipart/app/schedule/clean_tmpdir.js next time will execute after 67709940ms at 2020-01-09 04:30:00.002
2020-01-08 09:41:30,063 INFO 51002 [Timer] /Users/Robin/Downloads/01 git/Learning-WebArchitecture/example/nodejs/08/egg/node_modules/_egg-logrotator@3.1.0@egg-logrotator/app/schedule/clean_log.js next time will execute after 51509938ms at 2020-01-09 00:00:00.001
2020-01-08 09:41:30,063 INFO 51002 [Timer] /Users/Robin/Downloads/01 git/Learning-WebArchitecture/example/nodejs/08/egg/node_modules/_egg-logrotator@3.1.0@egg-logrotator/app/schedule/rotate_by_file.js next time will execute after 51510937ms at 2020-01-09 00:00:01.000
2020-01-08 09:41:29,845 INFO 51011 [egg-schedule]: register schedule /Users/Robin/Downloads/01 git/Learning-WebArchitecture/example/nodejs/08/egg/node_modules/_egg-multipart@2.10.1@egg-multipart/app/schedule/clean_tmpdir.js
2020-01-08 09:41:29,845 INFO 51011 [egg-schedule]: register schedule /Users/Robin/Downloads/01 git/Learning-WebArchitecture/example/nodejs/08/egg/node_modules/_egg-logrotator@3.1.0@egg-logrotator/app/schedule/clean_log.js
2020-01-08 09:41:29,845 INFO 51011 [egg-schedule]: register schedule /Users/Robin/Downloads/01 git/Learning-WebArchitecture/example/nodejs/08/egg/node_modules/_egg-logrotator@3.1.0@egg-logrotator/app/schedule/rotate_by_file.js
2020-01-08 09:41:56,557 INFO 51163 [egg-schedule]: register schedule /Users/Robin/Downloads/01 git/Learning-WebArchitecture/example/nodejs/08/egg/node_modules/_egg-multipart@2.10.1@egg-multipart/app/schedule/clean_tmpdir.js
2020-01-08 09:41:56,557 INFO 51163 [egg-schedule]: register schedule /Users/Robin/Downloads/01 git/Learning-WebArchitecture/example/nodejs/08/egg/node_modules/_egg-logrotator@3.1.0@egg-logrotator/app/schedule/clean_log.js
2020-01-08 09:41:56,557 INFO 51163 [egg-schedule]: register schedule /Users/Robin/Downloads/01 git/Learning-WebArchitecture/example/nodejs/08/egg/node_modules/_egg-logrotator@3.1.0@egg-logrotator/app/schedule/rotate_by_file.js
2020-01-08 09:43:50,175 INFO 51890 [egg-schedule]: register schedule /Users/Robin/Downloads/01 git/Learning-WebArchitecture/example/nodejs/08/egg/node_modules/_egg-multipart@2.10.1@egg-multipart/app/schedule/clean_tmpdir.js
2020-01-08 09:43:50,175 INFO 51890 [egg-schedule]: register schedule /Users/Robin/Downloads/01 git/Learning-WebArchitecture/example/nodejs/08/egg/node_modules/_egg-logrotator@3.1.0@egg-logrotator/app/schedule/clean_log.js
2020-01-08 09:43:50,175 INFO 51890 [egg-schedule]: register schedule /Users/Robin/Downloads/01 git/Learning-WebArchitecture/example/nodejs/08/egg/node_modules/_egg-logrotator@3.1.0@egg-logrotator/app/schedule/rotate_by_file.js
2020-01-08 09:44:56,579 INFO 52322 [egg-schedule]: register schedule /Users/Robin/Downloads/01 git/Learning-WebArchitecture/example/nodejs/08/egg/node_modules/_egg-multipart@2.10.1@egg-multipart/app/schedule/clean_tmpdir.js
2020-01-08 09:44:56,579 INFO 52322 [egg-schedule]: register schedule /Users/Robin/Downloads/01 git/Learning-WebArchitecture/example/nodejs/08/egg/node_modules/_egg-logrotator@3.1.0@egg-logrotator/app/schedule/clean_log.js
2020-01-08 09:44:56,579 INFO 52322 [egg-schedule]: register schedule /Users/Robin/Downloads/01 git/Learning-WebArchitecture/example/nodejs/08/egg/node_modules/_egg-logrotator@3.1.0@egg-logrotator/app/schedule/rotate_by_file.js
2020-01-08 09:48:58,967 INFO 53860 [egg-schedule]: register schedule /Users/Robin/Downloads/01 git/Learning-WebArchitecture/example/nodejs/08/egg/node_modules/_egg-multipart@2.10.1@egg-multipart/app/schedule/clean_tmpdir.js
2020-01-08 09:48:58,967 INFO 53860 [egg-schedule]: register schedule /Users/Robin/Downloads/01 git/Learning-WebArchitecture/example/nodejs/08/egg/node_modules/_egg-logrotator@3.1.0@egg-logrotator/app/schedule/clean_log.js
2020-01-08 09:48:58,967 INFO 53860 [egg-schedule]: register schedule /Users/Robin/Downloads/01 git/Learning-WebArchitecture/example/nodejs/08/egg/node_modules/_egg-logrotator@3.1.0@egg-logrotator/app/schedule/rotate_by_file.js
2020-01-08 09:52:29,319 INFO 55276 [egg-schedule]: register schedule /Users/Robin/Downloads/01 git/Learning-WebArchitecture/example/nodejs/08/egg/node_modules/_egg-multipart@2.10.1@egg-multipart/app/schedule/clean_tmpdir.js
2020-01-08 09:52:29,319 INFO 55276 [egg-schedule]: register schedule /Users/Robin/Downloads/01 git/Learning-WebArchitecture/example/nodejs/08/egg/node_modules/_egg-logrotator@3.1.0@egg-logrotator/app/schedule/clean_log.js
2020-01-08 09:52:29,319 INFO 55276 [egg-schedule]: register schedule /Users/Robin/Downloads/01 git/Learning-WebArchitecture/example/nodejs/08/egg/node_modules/_egg-logrotator@3.1.0@egg-logrotator/app/schedule/rotate_by_file.js
2020-01-08 09:52:29,888 INFO 55267 [Timer] /Users/Robin/Downloads/01 git/Learning-WebArchitecture/example/nodejs/08/egg/node_modules/_egg-multipart@2.10.1@egg-multipart/app/schedule/clean_tmpdir.js next time will execute after 67050115ms at 2020-01-09 04:30:00.003
2020-01-08 09:52:29,889 INFO 55267 [Timer] /Users/Robin/Downloads/01 git/Learning-WebArchitecture/example/nodejs/08/egg/node_modules/_egg-logrotator@3.1.0@egg-logrotator/app/schedule/clean_log.js next time will execute after 50850112ms at 2020-01-09 00:00:00.001
2020-01-08 09:52:29,889 INFO 55267 [Timer] /Users/Robin/Downloads/01 git/Learning-WebArchitecture/example/nodejs/08/egg/node_modules/_egg-logrotator@3.1.0@egg-logrotator/app/schedule/rotate_by_file.js next time will execute after 50851111ms at 2020-01-09 00:00:01.000
2020-01-08 09:53:24,957 INFO 55632 [egg-schedule]: register schedule /Users/Robin/Downloads/01 git/Learning-WebArchitecture/example/nodejs/08/egg/node_modules/_egg-multipart@2.10.1@egg-multipart/app/schedule/clean_tmpdir.js
2020-01-08 09:53:24,957 INFO 55632 [egg-schedule]: register schedule /Users/Robin/Downloads/01 git/Learning-WebArchitecture/example/nodejs/08/egg/node_modules/_egg-logrotator@3.1.0@egg-logrotator/app/schedule/clean_log.js
2020-01-08 09:53:24,957 INFO 55632 [egg-schedule]: register schedule /Users/Robin/Downloads/01 git/Learning-WebArchitecture/example/nodejs/08/egg/node_modules/_egg-logrotator@3.1.0@egg-logrotator/app/schedule/rotate_by_file.js
2020-01-08 09:55:23,300 INFO 56371 [egg-schedule]: register schedule /Users/Robin/Downloads/01 git/Learning-WebArchitecture/example/nodejs/08/egg/node_modules/_egg-multipart@2.10.1@egg-multipart/app/schedule/clean_tmpdir.js
2020-01-08 09:55:23,300 INFO 56371 [egg-schedule]: register schedule /Users/Robin/Downloads/01 git/Learning-WebArchitecture/example/nodejs/08/egg/node_modules/_egg-logrotator@3.1.0@egg-logrotator/app/schedule/clean_log.js
2020-01-08 09:55:23,300 INFO 56371 [egg-schedule]: register schedule /Users/Robin/Downloads/01 git/Learning-WebArchitecture/example/nodejs/08/egg/node_modules/_egg-logrotator@3.1.0@egg-logrotator/app/schedule/rotate_by_file.js
2020-01-08 09:56:13,894 INFO 56709 [egg-schedule]: register schedule /Users/Robin/Downloads/01 git/Learning-WebArchitecture/example/nodejs/08/egg/node_modules/_egg-multipart@2.10.1@egg-multipart/app/schedule/clean_tmpdir.js
2020-01-08 09:56:13,894 INFO 56709 [egg-schedule]: register schedule /Users/Robin/Downloads/01 git/Learning-WebArchitecture/example/nodejs/08/egg/node_modules/_egg-logrotator@3.1.0@egg-logrotator/app/schedule/clean_log.js
2020-01-08 09:56:13,894 INFO 56709 [egg-schedule]: register schedule /Users/Robin/Downloads/01 git/Learning-WebArchitecture/example/nodejs/08/egg/node_modules/_egg-logrotator@3.1.0@egg-logrotator/app/schedule/rotate_by_file.js
2020-01-08 09:57:29,354 INFO 57175 [egg-schedule]: register schedule /Users/Robin/Downloads/01 git/Learning-WebArchitecture/example/nodejs/08/egg/node_modules/_egg-multipart@2.10.1@egg-multipart/app/schedule/clean_tmpdir.js
2020-01-08 09:57:29,354 INFO 57175 [egg-schedule]: register schedule /Users/Robin/Downloads/01 git/Learning-WebArchitecture/example/nodejs/08/egg/node_modules/_egg-logrotator@3.1.0@egg-logrotator/app/schedule/clean_log.js
2020-01-08 09:57:29,354 INFO 57175 [egg-schedule]: register schedule /Users/Robin/Downloads/01 git/Learning-WebArchitecture/example/nodejs/08/egg/node_modules/_egg-logrotator@3.1.0@egg-logrotator/app/schedule/rotate_by_file.js
2020-01-08 09:58:00,614 INFO 57388 [egg-schedule]: register schedule /Users/Robin/Downloads/01 git/Learning-WebArchitecture/example/nodejs/08/egg/node_modules/_egg-multipart@2.10.1@egg-multipart/app/schedule/clean_tmpdir.js
2020-01-08 09:58:00,614 INFO 57388 [egg-schedule]: register schedule /Users/Robin/Downloads/01 git/Learning-WebArchitecture/example/nodejs/08/egg/node_modules/_egg-logrotator@3.1.0@egg-logrotator/app/schedule/clean_log.js
2020-01-08 09:58:00,614 INFO 57388 [egg-schedule]: register schedule /Users/Robin/Downloads/01 git/Learning-WebArchitecture/example/nodejs/08/egg/node_modules/_egg-logrotator@3.1.0@egg-logrotator/app/schedule/rotate_by_file.js
2020-01-08 09:58:02,618 INFO 57378 [Timer] /Users/Robin/Downloads/01 git/Learning-WebArchitecture/example/nodejs/08/egg/node_modules/_egg-multipart@2.10.1@egg-multipart/app/schedule/clean_tmpdir.js next time will execute after 66717385ms at 2020-01-09 04:30:00.003
2020-01-08 09:58:02,618 INFO 57378 [Timer] /Users/Robin/Downloads/01 git/Learning-WebArchitecture/example/nodejs/08/egg/node_modules/_egg-logrotator@3.1.0@egg-logrotator/app/schedule/clean_log.js next time will execute after 50517382ms at 2020-01-09 00:00:00.000
2020-01-08 09:58:02,619 INFO 57378 [Timer] /Users/Robin/Downloads/01 git/Learning-WebArchitecture/example/nodejs/08/egg/node_modules/_egg-logrotator@3.1.0@egg-logrotator/app/schedule/rotate_by_file.js next time will execute after 50518382ms at 2020-01-09 00:00:01.001
2020-01-08 10:02:15,809 INFO 58965 [egg-schedule]: register schedule /Users/Robin/Downloads/01 git/Learning-WebArchitecture/example/nodejs/08/egg/node_modules/_egg-multipart@2.10.1@egg-multipart/app/schedule/clean_tmpdir.js
2020-01-08 10:02:15,809 INFO 58965 [egg-schedule]: register schedule /Users/Robin/Downloads/01 git/Learning-WebArchitecture/example/nodejs/08/egg/node_modules/_egg-logrotator@3.1.0@egg-logrotator/app/schedule/clean_log.js
2020-01-08 10:02:15,809 INFO 58965 [egg-schedule]: register schedule /Users/Robin/Downloads/01 git/Learning-WebArchitecture/example/nodejs/08/egg/node_modules/_egg-logrotator@3.1.0@egg-logrotator/app/schedule/rotate_by_file.js
2020-01-08 10:03:28,676 INFO 59453 [egg-schedule]: register schedule /Users/Robin/Downloads/01 git/Learning-WebArchitecture/example/nodejs/08/egg/node_modules/_egg-multipart@2.10.1@egg-multipart/app/schedule/clean_tmpdir.js
2020-01-08 10:03:28,676 INFO 59453 [egg-schedule]: register schedule /Users/Robin/Downloads/01 git/Learning-WebArchitecture/example/nodejs/08/egg/node_modules/_egg-logrotator@3.1.0@egg-logrotator/app/schedule/clean_log.js
2020-01-08 10:03:28,676 INFO 59453 [egg-schedule]: register schedule /Users/Robin/Downloads/01 git/Learning-WebArchitecture/example/nodejs/08/egg/node_modules/_egg-logrotator@3.1.0@egg-logrotator/app/schedule/rotate_by_file.js
2020-01-08 10:06:39,350 INFO 60668 [egg-schedule]: register schedule /Users/Robin/Downloads/01 git/Learning-WebArchitecture/example/nodejs/08/egg/node_modules/_egg-multipart@2.10.1@egg-multipart/app/schedule/clean_tmpdir.js
2020-01-08 10:06:39,350 INFO 60668 [egg-schedule]: register schedule /Users/Robin/Downloads/01 git/Learning-WebArchitecture/example/nodejs/08/egg/node_modules/_egg-logrotator@3.1.0@egg-logrotator/app/schedule/clean_log.js
2020-01-08 10:06:39,350 INFO 60668 [egg-schedule]: register schedule /Users/Robin/Downloads/01 git/Learning-WebArchitecture/example/nodejs/08/egg/node_modules/_egg-logrotator@3.1.0@egg-logrotator/app/schedule/rotate_by_file.js
2020-01-08 10:07:08,457 INFO 60850 [egg-schedule]: register schedule /Users/Robin/Downloads/01 git/Learning-WebArchitecture/example/nodejs/08/egg/node_modules/_egg-multipart@2.10.1@egg-multipart/app/schedule/clean_tmpdir.js
2020-01-08 10:07:08,457 INFO 60850 [egg-schedule]: register schedule /Users/Robin/Downloads/01 git/Learning-WebArchitecture/example/nodejs/08/egg/node_modules/_egg-logrotator@3.1.0@egg-logrotator/app/schedule/clean_log.js
2020-01-08 10:07:08,457 INFO 60850 [egg-schedule]: register schedule /Users/Robin/Downloads/01 git/Learning-WebArchitecture/example/nodejs/08/egg/node_modules/_egg-logrotator@3.1.0@egg-logrotator/app/schedule/rotate_by_file.js
2020-01-08 10:11:07,854 INFO 62318 [egg-schedule]: register schedule /Users/Robin/Downloads/01 git/Learning-WebArchitecture/example/nodejs/08/egg/node_modules/_egg-multipart@2.10.1@egg-multipart/app/schedule/clean_tmpdir.js
2020-01-08 10:11:07,854 INFO 62318 [egg-schedule]: register schedule /Users/Robin/Downloads/01 git/Learning-WebArchitecture/example/nodejs/08/egg/node_modules/_egg-logrotator@3.1.0@egg-logrotator/app/schedule/clean_log.js
2020-01-08 10:11:07,854 INFO 62318 [egg-schedule]: register schedule /Users/Robin/Downloads/01 git/Learning-WebArchitecture/example/nodejs/08/egg/node_modules/_egg-logrotator@3.1.0@egg-logrotator/app/schedule/rotate_by_file.js
2020-01-08 10:11:51,457 INFO 62601 [egg-schedule]: register schedule /Users/Robin/Downloads/01 git/Learning-WebArchitecture/example/nodejs/08/egg/node_modules/_egg-multipart@2.10.1@egg-multipart/app/schedule/clean_tmpdir.js
2020-01-08 10:11:51,457 INFO 62601 [egg-schedule]: register schedule /Users/Robin/Downloads/01 git/Learning-WebArchitecture/example/nodejs/08/egg/node_modules/_egg-logrotator@3.1.0@egg-logrotator/app/schedule/clean_log.js
2020-01-08 10:11:51,457 INFO 62601 [egg-schedule]: register schedule /Users/Robin/Downloads/01 git/Learning-WebArchitecture/example/nodejs/08/egg/node_modules/_egg-logrotator@3.1.0@egg-logrotator/app/schedule/rotate_by_file.js
